[23-Sep-2018 03:13:05] NOTICE: fpm is running, pid 16
[23-Sep-2018 03:13:05] NOTICE: ready to handle connections
[23-Sep-2018 03:37:44] WARNING: [pool www] child 29 exited on signal 11 (SIGSEGV) after 1478.539567 seconds from start
[23-Sep-2018 03:37:44] NOTICE: [pool www] child 1591 started
[23-Sep-2018 03:38:42] WARNING: [pool www] child 1591 exited on signal 11 (SIGSEGV) after 58.386317 seconds from start
[23-Sep-2018 03:38:42] NOTICE: [pool www] child 1640 started
[23-Sep-2018 05:56:03] NOTICE: Terminating ...
[23-Sep-2018 05:56:03] NOTICE: exiting, bye-bye!
[23-Sep-2018 05:56:38] NOTICE: fpm is running, pid 81
[23-Sep-2018 05:56:38] NOTICE: ready to handle connections
[23-Sep-2018 06:07:15] NOTICE: Terminating ...
[23-Sep-2018 06:07:15] NOTICE: exiting, bye-bye!
[23-Sep-2018 16:52:11] NOTICE: fpm is running, pid 50
[23-Sep-2018 16:52:12] NOTICE: ready to handle connections
[24-Sep-2018 10:02:31] NOTICE: Terminating ...
[24-Sep-2018 10:02:31] NOTICE: exiting, bye-bye!
[01-Oct-2018 23:47:14] NOTICE: fpm is running, pid 52
[01-Oct-2018 23:47:14] NOTICE: ready to handle connections
[02-Oct-2018 02:21:13] NOTICE: Terminating ...
[02-Oct-2018 02:21:13] NOTICE: exiting, bye-bye!
[05-Oct-2018 01:58:24] NOTICE: fpm is running, pid 50
[05-Oct-2018 01:58:24] NOTICE: ready to handle connections
[05-Oct-2018 02:57:14] NOTICE: Terminating ...
[05-Oct-2018 02:57:14] NOTICE: exiting, bye-bye!
[07-Oct-2018 23:00:44] NOTICE: fpm is running, pid 9
[07-Oct-2018 23:00:44] NOTICE: ready to handle connections
[09-Oct-2018 01:05:00] NOTICE: fpm is running, pid 31
[09-Oct-2018 01:05:00] NOTICE: ready to handle connections
[09-Oct-2018 01:19:36] NOTICE: Terminating ...
[09-Oct-2018 01:19:36] NOTICE: exiting, bye-bye!
[10-Oct-2018 00:59:31] NOTICE: fpm is running, pid 9
[10-Oct-2018 00:59:31] NOTICE: ready to handle connections
