2018-09-23T03:13:06.378004Z 0 [Warning] TIMESTAMP with implicit DEFAULT value is deprecated. Please use --explicit_defaults_for_timestamp server option (see documentation for more details).
2018-09-23T03:13:06.388225Z 0 [Note] /usr/sbin/mysqld (mysqld 5.7.23) starting as process 30 ...
2018-09-23T03:13:06.394680Z 0 [Note] InnoDB: PUNCH HOLE support available
2018-09-23T03:13:06.395043Z 0 [Note] InnoDB: Mutexes and rw_locks use GCC atomic builtins
2018-09-23T03:13:06.395533Z 0 [Note] InnoDB: Uses event mutexes
2018-09-23T03:13:06.396035Z 0 [Note] InnoDB: GCC builtin __atomic_thread_fence() is used for memory barrier
2018-09-23T03:13:06.396535Z 0 [Note] InnoDB: Compressed tables use zlib 1.2.3
2018-09-23T03:13:06.397045Z 0 [Note] InnoDB: Using Linux native AIO
2018-09-23T03:13:06.397786Z 0 [Note] InnoDB: Number of pools: 1
2018-09-23T03:13:06.398118Z 0 [Note] InnoDB: Using CPU crc32 instructions
2018-09-23T03:13:06.404679Z 0 [Note] InnoDB: Initializing buffer pool, total size = 32M, instances = 1, chunk size = 32M
2018-09-23T03:13:06.407810Z 0 [Note] InnoDB: Completed initialization of buffer pool
2018-09-23T03:13:06.418473Z 0 [Note] InnoDB: If the mysqld execution user is authorized, page cleaner thread priority can be changed. See the man page of setpriority().
2018-09-23T03:13:06.430644Z 0 [Note] InnoDB: Highest supported file format is Barracuda.
2018-09-23T03:13:06.431536Z 0 [Note] InnoDB: Log scan progressed past the checkpoint lsn 2588963
2018-09-23T03:13:06.432034Z 0 [Note] InnoDB: Doing recovery: scanned up to log sequence number 2588972
2018-09-23T03:13:06.432531Z 0 [Note] InnoDB: Database was not shutdown normally!
2018-09-23T03:13:06.433058Z 0 [Note] InnoDB: Starting crash recovery.
2018-09-23T03:13:07.025683Z 0 [Note] InnoDB: Removed temporary tablespace data file: "ibtmp1"
2018-09-23T03:13:07.026064Z 0 [Note] InnoDB: Creating shared tablespace for temporary tables
2018-09-23T03:13:07.026579Z 0 [Note] InnoDB: Setting file './ibtmp1' size to 12 MB. Physically writing the file full; Please wait ...
2018-09-23T03:13:07.179413Z 0 [Note] InnoDB: File './ibtmp1' size is now 12 MB.
2018-09-23T03:13:07.180264Z 0 [Note] InnoDB: 96 redo rollback segment(s) found. 96 redo rollback segment(s) are active.
2018-09-23T03:13:07.180529Z 0 [Note] InnoDB: 32 non-redo rollback segment(s) are active.
2018-09-23T03:13:07.181634Z 0 [Note] InnoDB: Waiting for purge to start
2018-09-23T03:13:07.232572Z 0 [Note] InnoDB: 5.7.23 started; log sequence number 2588972
2018-09-23T03:13:07.233932Z 0 [Note] Plugin 'FEDERATED' is disabled.
2018-09-23T03:13:07.237188Z 0 [Warning] Failed to set up SSL because of the following SSL library error: SSL context is not usable without certificate and private key
2018-09-23T03:13:07.237527Z 0 [Note] Server hostname (bind-address): '*'; port: 3306
2018-09-23T03:13:07.237720Z 0 [Note] InnoDB: Loading buffer pool(s) from /var/lib/mysql/ib_buffer_pool
2018-09-23T03:13:07.237917Z 0 [Note] IPv6 is available.
2018-09-23T03:13:07.238315Z 0 [Note]   - '::' resolves to '::';
2018-09-23T03:13:07.238534Z 0 [Note] Server socket created on IP: '::'.
2018-09-23T03:13:07.241309Z 0 [Note] InnoDB: Buffer pool(s) load completed at 180923  3:13:07
2018-09-23T03:13:07.334155Z 0 [Warning] Insecure configuration for --pid-file: Location '/var/run/mysqld' in the path is accessible to all OS users. Consider choosing a different directory.
2018-09-23T03:13:07.335949Z 0 [ERROR] /usr/sbin/mysqld: Table './mysql/user' is marked as crashed and should be repaired
2018-09-23T03:13:07.336684Z 0 [Warning] Checking table:   './mysql/user'
2018-09-23T03:13:07.337040Z 0 [ERROR] 1 client is using or hasn't closed the table properly
2018-09-23T03:13:07.338116Z 0 [Warning] 'user' entry 'root@localhost' ignored in --skip-name-resolve mode.
2018-09-23T03:13:07.338548Z 0 [Warning] 'user' entry 'mysql.session@localhost' ignored in --skip-name-resolve mode.
2018-09-23T03:13:07.339029Z 0 [Warning] 'user' entry 'mysql.sys@localhost' ignored in --skip-name-resolve mode.
2018-09-23T03:13:07.339538Z 0 [Warning] 'db' entry 'performance_schema mysql.session@localhost' ignored in --skip-name-resolve mode.
2018-09-23T03:13:07.340024Z 0 [Warning] 'db' entry 'sys mysql.sys@localhost' ignored in --skip-name-resolve mode.
2018-09-23T03:13:07.340527Z 0 [Warning] 'proxies_priv' entry '@ root@localhost' ignored in --skip-name-resolve mode.
2018-09-23T03:13:07.342262Z 0 [Warning] 'tables_priv' entry 'user mysql.session@localhost' ignored in --skip-name-resolve mode.
2018-09-23T03:13:07.342435Z 0 [Warning] 'tables_priv' entry 'sys_config mysql.sys@localhost' ignored in --skip-name-resolve mode.
2018-09-23T03:13:07.352195Z 0 [Note] Event Scheduler: Loaded 0 events
2018-09-23T03:13:07.352738Z 0 [Note] /usr/sbin/mysqld: ready for connections.
Version: '5.7.23'  socket: '/var/run/mysqld/mysqld.sock'  port: 3306  MySQL Community Server (GPL)
2018-09-23T03:13:43.100070Z 6 [Warning] 'user' entry 'root@localhost' ignored in --skip-name-resolve mode.
2018-09-23T03:13:43.100321Z 6 [Warning] 'user' entry 'mysql.session@localhost' ignored in --skip-name-resolve mode.
2018-09-23T03:13:43.100420Z 6 [Warning] 'user' entry 'mysql.sys@localhost' ignored in --skip-name-resolve mode.
2018-09-23T03:13:43.100547Z 6 [Warning] 'db' entry 'performance_schema mysql.session@localhost' ignored in --skip-name-resolve mode.
2018-09-23T03:13:43.100723Z 6 [Warning] 'db' entry 'sys mysql.sys@localhost' ignored in --skip-name-resolve mode.
2018-09-23T03:13:43.100838Z 6 [Warning] 'proxies_priv' entry '@ root@localhost' ignored in --skip-name-resolve mode.
2018-09-23T03:13:43.101135Z 6 [Warning] 'tables_priv' entry 'user mysql.session@localhost' ignored in --skip-name-resolve mode.
2018-09-23T03:13:43.101233Z 6 [Warning] 'tables_priv' entry 'sys_config mysql.sys@localhost' ignored in --skip-name-resolve mode.
2018-09-23T03:37:44.222131Z 36 [Note] Aborted connection 36 to db: 'local' user: 'root' host: 'localhost' (Got an error reading communication packets)
2018-09-23T03:38:42.609445Z 42 [Note] Aborted connection 42 to db: 'local' user: 'root' host: 'localhost' (Got an error reading communication packets)
2018-09-23T05:56:01.957096Z 0 [Note] Giving 0 client threads a chance to die gracefully
2018-09-23T05:56:01.957586Z 0 [Note] Shutting down slave threads
2018-09-23T05:56:01.957694Z 0 [Note] Forcefully disconnecting 0 remaining clients
2018-09-23T05:56:01.957769Z 0 [Note] Event Scheduler: Purging the queue. 0 events
2018-09-23T05:56:01.957922Z 0 [Note] Binlog end
2018-09-23T05:56:02.457213Z 0 [Note] Shutting down plugin 'ngram'
2018-09-23T05:56:02.457360Z 0 [Note] Shutting down plugin 'partition'
2018-09-23T05:56:02.457495Z 0 [Note] Shutting down plugin 'BLACKHOLE'
2018-09-23T05:56:02.457566Z 0 [Note] Shutting down plugin 'ARCHIVE'
2018-09-23T05:56:02.457659Z 0 [Note] Shutting down plugin 'PERFORMANCE_SCHEMA'
2018-09-23T05:56:02.457750Z 0 [Note] Shutting down plugin 'MRG_MYISAM'
2018-09-23T05:56:02.457822Z 0 [Note] Shutting down plugin 'MyISAM'
2018-09-23T05:56:02.457905Z 0 [Note] Shutting down plugin 'INNODB_SYS_VIRTUAL'
2018-09-23T05:56:02.458023Z 0 [Note] Shutting down plugin 'INNODB_SYS_DATAFILES'
2018-09-23T05:56:02.458099Z 0 [Note] Shutting down plugin 'INNODB_SYS_TABLESPACES'
2018-09-23T05:56:02.458173Z 0 [Note] Shutting down plugin 'INNODB_SYS_FOREIGN_COLS'
2018-09-23T05:56:02.458254Z 0 [Note] Shutting down plugin 'INNODB_SYS_FOREIGN'
2018-09-23T05:56:02.458333Z 0 [Note] Shutting down plugin 'INNODB_SYS_FIELDS'
2018-09-23T05:56:02.458404Z 0 [Note] Shutting down plugin 'INNODB_SYS_COLUMNS'
2018-09-23T05:56:02.458467Z 0 [Note] Shutting down plugin 'INNODB_SYS_INDEXES'
2018-09-23T05:56:02.458534Z 0 [Note] Shutting down plugin 'INNODB_SYS_TABLESTATS'
2018-09-23T05:56:02.458598Z 0 [Note] Shutting down plugin 'INNODB_SYS_TABLES'
2018-09-23T05:56:02.458666Z 0 [Note] Shutting down plugin 'INNODB_FT_INDEX_TABLE'
2018-09-23T05:56:02.458729Z 0 [Note] Shutting down plugin 'INNODB_FT_INDEX_CACHE'
2018-09-23T05:56:02.458796Z 0 [Note] Shutting down plugin 'INNODB_FT_CONFIG'
2018-09-23T05:56:02.458863Z 0 [Note] Shutting down plugin 'INNODB_FT_BEING_DELETED'
2018-09-23T05:56:02.458926Z 0 [Note] Shutting down plugin 'INNODB_FT_DELETED'
2018-09-23T05:56:02.459066Z 0 [Note] Shutting down plugin 'INNODB_FT_DEFAULT_STOPWORD'
2018-09-23T05:56:02.459136Z 0 [Note] Shutting down plugin 'INNODB_METRICS'
2018-09-23T05:56:02.459197Z 0 [Note] Shutting down plugin 'INNODB_TEMP_TABLE_INFO'
2018-09-23T05:56:02.459301Z 0 [Note] Shutting down plugin 'INNODB_BUFFER_POOL_STATS'
2018-09-23T05:56:02.459368Z 0 [Note] Shutting down plugin 'INNODB_BUFFER_PAGE_LRU'
2018-09-23T05:56:02.459430Z 0 [Note] Shutting down plugin 'INNODB_BUFFER_PAGE'
2018-09-23T05:56:02.459490Z 0 [Note] Shutting down plugin 'INNODB_CMP_PER_INDEX_RESET'
2018-09-23T05:56:02.459563Z 0 [Note] Shutting down plugin 'INNODB_CMP_PER_INDEX'
2018-09-23T05:56:02.459624Z 0 [Note] Shutting down plugin 'INNODB_CMPMEM_RESET'
2018-09-23T05:56:02.459687Z 0 [Note] Shutting down plugin 'INNODB_CMPMEM'
2018-09-23T05:56:02.459755Z 0 [Note] Shutting down plugin 'INNODB_CMP_RESET'
2018-09-23T05:56:02.459820Z 0 [Note] Shutting down plugin 'INNODB_CMP'
2018-09-23T05:56:02.459881Z 0 [Note] Shutting down plugin 'INNODB_LOCK_WAITS'
2018-09-23T05:56:02.459944Z 0 [Note] Shutting down plugin 'INNODB_LOCKS'
2018-09-23T05:56:02.460006Z 0 [Note] Shutting down plugin 'INNODB_TRX'
2018-09-23T05:56:02.460069Z 0 [Note] Shutting down plugin 'InnoDB'
2018-09-23T05:56:02.671749Z 0 [Note] InnoDB: FTS optimize thread exiting.
2018-09-23T05:56:02.685399Z 0 [Note] InnoDB: Starting shutdown...
2018-09-23T05:56:02.786188Z 0 [Note] InnoDB: Dumping buffer pool(s) to /var/lib/mysql/ib_buffer_pool
2018-09-23T05:56:02.810765Z 0 [Note] InnoDB: Buffer pool(s) dump completed at 180923  5:56:02
2018-09-23T05:56:04.198118Z 0 [Note] InnoDB: Shutdown completed; log sequence number 4341390
2018-09-23T05:56:04.217972Z 0 [Note] InnoDB: Removed temporary tablespace data file: "ibtmp1"
2018-09-23T05:56:04.218175Z 0 [Note] Shutting down plugin 'MEMORY'
2018-09-23T05:56:04.218279Z 0 [Note] Shutting down plugin 'CSV'
2018-09-23T05:56:04.218383Z 0 [Note] Shutting down plugin 'sha256_password'
2018-09-23T05:56:04.218503Z 0 [Note] Shutting down plugin 'mysql_native_password'
2018-09-23T05:56:04.234110Z 0 [Note] Shutting down plugin 'binlog'
2018-09-23T05:56:04.253876Z 0 [Note] /usr/sbin/mysqld: Shutdown complete

2018-09-23T05:56:38.159270Z 0 [Warning] TIMESTAMP with implicit DEFAULT value is deprecated. Please use --explicit_defaults_for_timestamp server option (see documentation for more details).
2018-09-23T05:56:38.184051Z 0 [Note] /usr/sbin/mysqld (mysqld 5.7.23) starting as process 99 ...
2018-09-23T05:56:38.355634Z 0 [Note] InnoDB: PUNCH HOLE support available
2018-09-23T05:56:38.355788Z 0 [Note] InnoDB: Mutexes and rw_locks use GCC atomic builtins
2018-09-23T05:56:38.355862Z 0 [Note] InnoDB: Uses event mutexes
2018-09-23T05:56:38.356020Z 0 [Note] InnoDB: GCC builtin __atomic_thread_fence() is used for memory barrier
2018-09-23T05:56:38.356122Z 0 [Note] InnoDB: Compressed tables use zlib 1.2.3
2018-09-23T05:56:38.356219Z 0 [Note] InnoDB: Using Linux native AIO
2018-09-23T05:56:38.360511Z 0 [Note] InnoDB: Number of pools: 1
2018-09-23T05:56:38.411095Z 0 [Note] InnoDB: Using CPU crc32 instructions
2018-09-23T05:56:38.436561Z 0 [Note] InnoDB: Initializing buffer pool, total size = 32M, instances = 1, chunk size = 32M
2018-09-23T05:56:38.443118Z 0 [Note] InnoDB: Completed initialization of buffer pool
2018-09-23T05:56:38.446335Z 0 [Note] InnoDB: If the mysqld execution user is authorized, page cleaner thread priority can be changed. See the man page of setpriority().
2018-09-23T05:56:38.503682Z 0 [Note] InnoDB: Highest supported file format is Barracuda.
2018-09-23T05:56:39.162842Z 0 [Note] InnoDB: Creating shared tablespace for temporary tables
2018-09-23T05:56:39.163121Z 0 [Note] InnoDB: Setting file './ibtmp1' size to 12 MB. Physically writing the file full; Please wait ...
2018-09-23T05:56:39.347343Z 0 [Note] InnoDB: File './ibtmp1' size is now 12 MB.
2018-09-23T05:56:39.348408Z 0 [Note] InnoDB: 96 redo rollback segment(s) found. 96 redo rollback segment(s) are active.
2018-09-23T05:56:39.348566Z 0 [Note] InnoDB: 32 non-redo rollback segment(s) are active.
2018-09-23T05:56:39.349828Z 0 [Note] InnoDB: Waiting for purge to start
2018-09-23T05:56:39.400455Z 0 [Note] InnoDB: 5.7.23 started; log sequence number 4341390
2018-09-23T05:56:39.400922Z 0 [Note] Plugin 'FEDERATED' is disabled.
2018-09-23T05:56:39.401045Z 0 [Note] InnoDB: Loading buffer pool(s) from /var/lib/mysql/ib_buffer_pool
2018-09-23T05:56:39.505166Z 0 [Warning] Failed to set up SSL because of the following SSL library error: SSL context is not usable without certificate and private key
2018-09-23T05:56:39.505468Z 0 [Note] Server hostname (bind-address): '*'; port: 3306
2018-09-23T05:56:39.505615Z 0 [Note] IPv6 is available.
2018-09-23T05:56:39.505826Z 0 [Note]   - '::' resolves to '::';
2018-09-23T05:56:39.506315Z 0 [Note] Server socket created on IP: '::'.
2018-09-23T05:56:39.505445Z 0 [Note] InnoDB: Buffer pool(s) load completed at 180923  5:56:39
2018-09-23T05:56:39.656105Z 0 [Warning] Insecure configuration for --pid-file: Location '/var/run/mysqld' in the path is accessible to all OS users. Consider choosing a different directory.
2018-09-23T05:56:39.695981Z 0 [Warning] 'user' entry 'root@localhost' ignored in --skip-name-resolve mode.
2018-09-23T05:56:39.696356Z 0 [Warning] 'user' entry 'mysql.session@localhost' ignored in --skip-name-resolve mode.
2018-09-23T05:56:39.696844Z 0 [Warning] 'user' entry 'mysql.sys@localhost' ignored in --skip-name-resolve mode.
2018-09-23T05:56:39.697560Z 0 [Warning] 'db' entry 'performance_schema mysql.session@localhost' ignored in --skip-name-resolve mode.
2018-09-23T05:56:39.697827Z 0 [Warning] 'db' entry 'sys mysql.sys@localhost' ignored in --skip-name-resolve mode.
2018-09-23T05:56:39.698470Z 0 [Warning] 'proxies_priv' entry '@ root@localhost' ignored in --skip-name-resolve mode.
2018-09-23T05:56:39.731793Z 0 [Warning] 'tables_priv' entry 'user mysql.session@localhost' ignored in --skip-name-resolve mode.
2018-09-23T05:56:39.732071Z 0 [Warning] 'tables_priv' entry 'sys_config mysql.sys@localhost' ignored in --skip-name-resolve mode.
2018-09-23T05:56:39.817990Z 0 [Note] Event Scheduler: Loaded 0 events
2018-09-23T05:56:39.821216Z 0 [Note] /usr/sbin/mysqld: ready for connections.
Version: '5.7.23'  socket: '/var/run/mysqld/mysqld.sock'  port: 3306  MySQL Community Server (GPL)
2018-09-23T06:07:15.895741Z 0 [Note] Giving 1 client threads a chance to die gracefully
2018-09-23T06:07:15.896052Z 0 [Note] Shutting down slave threads
2018-09-23T16:52:12.277463Z 0 [Warning] TIMESTAMP with implicit DEFAULT value is deprecated. Please use --explicit_defaults_for_timestamp server option (see documentation for more details).
2018-09-23T16:52:13.109482Z 0 [Note] /usr/sbin/mysqld (mysqld 5.7.23) starting as process 56 ...
2018-09-23T16:52:13.783468Z 0 [Note] InnoDB: PUNCH HOLE support available
2018-09-23T16:52:13.783650Z 0 [Note] InnoDB: Mutexes and rw_locks use GCC atomic builtins
2018-09-23T16:52:13.783755Z 0 [Note] InnoDB: Uses event mutexes
2018-09-23T16:52:13.783857Z 0 [Note] InnoDB: GCC builtin __atomic_thread_fence() is used for memory barrier
2018-09-23T16:52:13.783960Z 0 [Note] InnoDB: Compressed tables use zlib 1.2.3
2018-09-23T16:52:13.784060Z 0 [Note] InnoDB: Using Linux native AIO
2018-09-23T16:52:13.814796Z 0 [Note] InnoDB: Number of pools: 1
2018-09-23T16:52:13.847063Z 0 [Note] InnoDB: Using CPU crc32 instructions
2018-09-23T16:52:13.889386Z 0 [Note] InnoDB: Initializing buffer pool, total size = 32M, instances = 1, chunk size = 32M
2018-09-23T16:52:14.005469Z 0 [Note] InnoDB: Completed initialization of buffer pool
2018-09-23T16:52:14.025245Z 0 [Note] InnoDB: If the mysqld execution user is authorized, page cleaner thread priority can be changed. See the man page of setpriority().
2018-09-23T16:52:14.207726Z 0 [Note] InnoDB: Highest supported file format is Barracuda.
2018-09-23T16:52:14.233247Z 0 [Note] InnoDB: Log scan progressed past the checkpoint lsn 4730726
2018-09-23T16:52:14.233491Z 0 [Note] InnoDB: Doing recovery: scanned up to log sequence number 4730735
2018-09-23T16:52:14.233747Z 0 [Note] InnoDB: Database was not shutdown normally!
2018-09-23T16:52:14.233962Z 0 [Note] InnoDB: Starting crash recovery.
2018-09-23T16:52:15.651373Z 0 [Note] InnoDB: Removed temporary tablespace data file: "ibtmp1"
2018-09-23T16:52:15.651711Z 0 [Note] InnoDB: Creating shared tablespace for temporary tables
2018-09-23T16:52:15.651984Z 0 [Note] InnoDB: Setting file './ibtmp1' size to 12 MB. Physically writing the file full; Please wait ...
2018-09-23T16:52:16.122165Z 0 [Note] InnoDB: File './ibtmp1' size is now 12 MB.
2018-09-23T16:52:16.123705Z 0 [Note] InnoDB: 96 redo rollback segment(s) found. 96 redo rollback segment(s) are active.
2018-09-23T16:52:16.124013Z 0 [Note] InnoDB: 32 non-redo rollback segment(s) are active.
2018-09-23T16:52:16.159241Z 0 [Note] InnoDB: 5.7.23 started; log sequence number 4730735
2018-09-23T16:52:16.160594Z 0 [Note] InnoDB: Loading buffer pool(s) from /var/lib/mysql/ib_buffer_pool
2018-09-23T16:52:16.228118Z 0 [Note] Plugin 'FEDERATED' is disabled.
2018-09-23T16:52:16.602340Z 0 [Note] InnoDB: Buffer pool(s) load completed at 180923 16:52:16
2018-09-23T16:52:17.044288Z 0 [Warning] Failed to set up SSL because of the following SSL library error: SSL context is not usable without certificate and private key
2018-09-23T16:52:17.057787Z 0 [Note] Server hostname (bind-address): '*'; port: 3306
2018-09-23T16:52:17.086767Z 0 [Note] IPv6 is available.
2018-09-23T16:52:17.088031Z 0 [Note]   - '::' resolves to '::';
2018-09-23T16:52:17.101387Z 0 [Note] Server socket created on IP: '::'.
2018-09-23T16:52:17.724675Z 0 [Warning] Insecure configuration for --pid-file: Location '/var/run/mysqld' in the path is accessible to all OS users. Consider choosing a different directory.
2018-09-23T16:52:17.914207Z 0 [Warning] 'user' entry 'root@localhost' ignored in --skip-name-resolve mode.
2018-09-23T16:52:17.914345Z 0 [Warning] 'user' entry 'mysql.session@localhost' ignored in --skip-name-resolve mode.
2018-09-23T16:52:17.914424Z 0 [Warning] 'user' entry 'mysql.sys@localhost' ignored in --skip-name-resolve mode.
2018-09-23T16:52:17.914815Z 0 [Warning] 'db' entry 'performance_schema mysql.session@localhost' ignored in --skip-name-resolve mode.
2018-09-23T16:52:17.914930Z 0 [Warning] 'db' entry 'sys mysql.sys@localhost' ignored in --skip-name-resolve mode.
2018-09-23T16:52:17.915283Z 0 [Warning] 'proxies_priv' entry '@ root@localhost' ignored in --skip-name-resolve mode.
2018-09-23T16:52:17.924229Z 0 [Warning] 'tables_priv' entry 'user mysql.session@localhost' ignored in --skip-name-resolve mode.
2018-09-23T16:52:17.924321Z 0 [Warning] 'tables_priv' entry 'sys_config mysql.sys@localhost' ignored in --skip-name-resolve mode.
2018-09-23T16:52:18.064509Z 0 [Note] Event Scheduler: Loaded 0 events
2018-09-23T16:52:18.064782Z 0 [Note] /usr/sbin/mysqld: ready for connections.
Version: '5.7.23'  socket: '/var/run/mysqld/mysqld.sock'  port: 3306  MySQL Community Server (GPL)
2018-09-24T00:55:42.497015Z 0 [Note] InnoDB: page_cleaner: 1000ms intended loop took 10734744ms. The settings might not be optimal. (flushed=0 and evicted=0, during the time.)
2018-09-24T01:56:50.973282Z 0 [Note] InnoDB: page_cleaner: 1000ms intended loop took 66097ms. The settings might not be optimal. (flushed=0 and evicted=0, during the time.)
2018-09-24T02:29:05.551050Z 0 [Note] InnoDB: page_cleaner: 1000ms intended loop took 65970ms. The settings might not be optimal. (flushed=0 and evicted=0, during the time.)
2018-09-24T02:56:01.562993Z 0 [Note] InnoDB: page_cleaner: 1000ms intended loop took 66486ms. The settings might not be optimal. (flushed=0 and evicted=0, during the time.)
2018-09-24T03:30:11.008313Z 0 [Note] InnoDB: page_cleaner: 1000ms intended loop took 66740ms. The settings might not be optimal. (flushed=0 and evicted=0, during the time.)
2018-09-24T04:05:12.028351Z 0 [Note] InnoDB: page_cleaner: 1000ms intended loop took 66346ms. The settings might not be optimal. (flushed=0 and evicted=0, during the time.)
2018-09-24T04:30:48.933784Z 0 [Note] InnoDB: page_cleaner: 1000ms intended loop took 65402ms. The settings might not be optimal. (flushed=0 and evicted=0, during the time.)
2018-09-24T05:04:40.560372Z 0 [Note] InnoDB: page_cleaner: 1000ms intended loop took 66935ms. The settings might not be optimal. (flushed=0 and evicted=0, during the time.)
2018-09-24T05:38:17.229169Z 0 [Note] InnoDB: page_cleaner: 1000ms intended loop took 67028ms. The settings might not be optimal. (flushed=0 and evicted=0, during the time.)
2018-09-24T06:05:29.847592Z 0 [Note] InnoDB: page_cleaner: 1000ms intended loop took 67093ms. The settings might not be optimal. (flushed=0 and evicted=0, during the time.)
2018-09-24T06:39:27.103192Z 0 [Note] InnoDB: page_cleaner: 1000ms intended loop took 66529ms. The settings might not be optimal. (flushed=0 and evicted=0, during the time.)
2018-09-24T07:13:00.860736Z 0 [Note] InnoDB: page_cleaner: 1000ms intended loop took 66086ms. The settings might not be optimal. (flushed=0 and evicted=0, during the time.)
2018-09-24T07:39:30.218162Z 0 [Note] InnoDB: page_cleaner: 1000ms intended loop took 66836ms. The settings might not be optimal. (flushed=0 and evicted=0, during the time.)
2018-09-24T08:13:25.160119Z 0 [Note] InnoDB: page_cleaner: 1000ms intended loop took 67207ms. The settings might not be optimal. (flushed=0 and evicted=0, during the time.)
2018-09-24T08:56:45.887186Z 0 [Note] InnoDB: page_cleaner: 1000ms intended loop took 66838ms. The settings might not be optimal. (flushed=0 and evicted=0, during the time.)
2018-09-24T09:14:22.361618Z 0 [Note] InnoDB: page_cleaner: 1000ms intended loop took 67121ms. The settings might not be optimal. (flushed=0 and evicted=0, during the time.)
2018-09-24T09:48:15.739038Z 0 [Note] InnoDB: page_cleaner: 1000ms intended loop took 66692ms. The settings might not be optimal. (flushed=0 and evicted=0, during the time.)
2018-09-24T10:02:30.158336Z 0 [Note] Giving 0 client threads a chance to die gracefully
2018-09-24T10:02:30.158676Z 0 [Note] Shutting down slave threads
2018-09-24T10:02:30.158923Z 0 [Note] Forcefully disconnecting 0 remaining clients
2018-09-24T10:02:30.159111Z 0 [Note] Event Scheduler: Purging the queue. 0 events
2018-09-24T10:02:30.166451Z 0 [Note] Binlog end
2018-09-24T10:02:30.227321Z 0 [Note] Shutting down plugin 'ngram'
2018-09-24T10:02:30.227519Z 0 [Note] Shutting down plugin 'partition'
2018-09-24T10:02:30.227619Z 0 [Note] Shutting down plugin 'BLACKHOLE'
2018-09-24T10:02:30.227694Z 0 [Note] Shutting down plugin 'ARCHIVE'
2018-09-24T10:02:30.227767Z 0 [Note] Shutting down plugin 'PERFORMANCE_SCHEMA'
2018-09-24T10:02:30.227869Z 0 [Note] Shutting down plugin 'MRG_MYISAM'
2018-09-24T10:02:30.227943Z 0 [Note] Shutting down plugin 'MyISAM'
2018-09-24T10:02:30.228023Z 0 [Note] Shutting down plugin 'INNODB_SYS_VIRTUAL'
2018-09-24T10:02:30.228096Z 0 [Note] Shutting down plugin 'INNODB_SYS_DATAFILES'
2018-09-24T10:02:30.228174Z 0 [Note] Shutting down plugin 'INNODB_SYS_TABLESPACES'
2018-09-24T10:02:30.228246Z 0 [Note] Shutting down plugin 'INNODB_SYS_FOREIGN_COLS'
2018-09-24T10:02:30.228318Z 0 [Note] Shutting down plugin 'INNODB_SYS_FOREIGN'
2018-09-24T10:02:30.228389Z 0 [Note] Shutting down plugin 'INNODB_SYS_FIELDS'
2018-09-24T10:02:30.228460Z 0 [Note] Shutting down plugin 'INNODB_SYS_COLUMNS'
2018-09-24T10:02:30.228532Z 0 [Note] Shutting down plugin 'INNODB_SYS_INDEXES'
2018-09-24T10:02:30.228608Z 0 [Note] Shutting down plugin 'INNODB_SYS_TABLESTATS'
2018-09-24T10:02:30.228679Z 0 [Note] Shutting down plugin 'INNODB_SYS_TABLES'
2018-09-24T10:02:30.228751Z 0 [Note] Shutting down plugin 'INNODB_FT_INDEX_TABLE'
2018-09-24T10:02:30.228833Z 0 [Note] Shutting down plugin 'INNODB_FT_INDEX_CACHE'
2018-09-24T10:02:30.228956Z 0 [Note] Shutting down plugin 'INNODB_FT_CONFIG'
2018-09-24T10:02:30.229041Z 0 [Note] Shutting down plugin 'INNODB_FT_BEING_DELETED'
2018-09-24T10:02:30.229129Z 0 [Note] Shutting down plugin 'INNODB_FT_DELETED'
2018-09-24T10:02:30.229201Z 0 [Note] Shutting down plugin 'INNODB_FT_DEFAULT_STOPWORD'
2018-09-24T10:02:30.229278Z 0 [Note] Shutting down plugin 'INNODB_METRICS'
2018-09-24T10:02:30.229365Z 0 [Note] Shutting down plugin 'INNODB_TEMP_TABLE_INFO'
2018-09-24T10:02:30.229437Z 0 [Note] Shutting down plugin 'INNODB_BUFFER_POOL_STATS'
2018-09-24T10:02:30.229508Z 0 [Note] Shutting down plugin 'INNODB_BUFFER_PAGE_LRU'
2018-09-24T10:02:30.229694Z 0 [Note] Shutting down plugin 'INNODB_BUFFER_PAGE'
2018-09-24T10:02:30.229789Z 0 [Note] Shutting down plugin 'INNODB_CMP_PER_INDEX_RESET'
2018-09-24T10:02:30.229866Z 0 [Note] Shutting down plugin 'INNODB_CMP_PER_INDEX'
2018-09-24T10:02:30.229938Z 0 [Note] Shutting down plugin 'INNODB_CMPMEM_RESET'
2018-09-24T10:02:30.230009Z 0 [Note] Shutting down plugin 'INNODB_CMPMEM'
2018-09-24T10:02:30.230080Z 0 [Note] Shutting down plugin 'INNODB_CMP_RESET'
2018-09-24T10:02:30.230150Z 0 [Note] Shutting down plugin 'INNODB_CMP'
2018-09-24T10:02:30.230222Z 0 [Note] Shutting down plugin 'INNODB_LOCK_WAITS'
2018-09-24T10:02:30.230293Z 0 [Note] Shutting down plugin 'INNODB_LOCKS'
2018-09-24T10:02:30.230364Z 0 [Note] Shutting down plugin 'INNODB_TRX'
2018-09-24T10:02:30.230434Z 0 [Note] Shutting down plugin 'InnoDB'
2018-09-24T10:02:30.230788Z 0 [Note] InnoDB: FTS optimize thread exiting.
2018-09-24T10:02:30.231093Z 0 [Note] InnoDB: Starting shutdown...
2018-09-24T10:02:30.331693Z 0 [Note] InnoDB: Dumping buffer pool(s) to /var/lib/mysql/ib_buffer_pool
2018-09-24T10:02:30.332352Z 0 [Note] InnoDB: Buffer pool(s) dump completed at 180924 10:02:30
2018-09-24T10:02:32.177664Z 0 [Note] InnoDB: Shutdown completed; log sequence number 5340890
2018-09-24T10:02:32.182294Z 0 [Note] InnoDB: Removed temporary tablespace data file: "ibtmp1"
2018-09-24T10:02:32.182501Z 0 [Note] Shutting down plugin 'MEMORY'
2018-09-24T10:02:32.182668Z 0 [Note] Shutting down plugin 'CSV'
2018-09-24T10:02:32.182824Z 0 [Note] Shutting down plugin 'sha256_password'
2018-09-24T10:02:32.182977Z 0 [Note] Shutting down plugin 'mysql_native_password'
2018-09-24T10:02:32.183405Z 0 [Note] Shutting down plugin 'binlog'
2018-09-24T10:02:32.184750Z 0 [Note] /usr/sbin/mysqld: Shutdown complete

2018-10-01T23:47:14.973353Z 0 [Warning] TIMESTAMP with implicit DEFAULT value is deprecated. Please use --explicit_defaults_for_timestamp server option (see documentation for more details).
2018-10-01T23:47:15.044512Z 0 [Note] /usr/sbin/mysqld (mysqld 5.7.23) starting as process 69 ...
2018-10-01T23:47:15.716299Z 0 [Note] InnoDB: PUNCH HOLE support available
2018-10-01T23:47:15.716491Z 0 [Note] InnoDB: Mutexes and rw_locks use GCC atomic builtins
2018-10-01T23:47:15.716619Z 0 [Note] InnoDB: Uses event mutexes
2018-10-01T23:47:15.716707Z 0 [Note] InnoDB: GCC builtin __atomic_thread_fence() is used for memory barrier
2018-10-01T23:47:15.716875Z 0 [Note] InnoDB: Compressed tables use zlib 1.2.3
2018-10-01T23:47:15.717049Z 0 [Note] InnoDB: Using Linux native AIO
2018-10-01T23:47:15.754402Z 0 [Note] InnoDB: Number of pools: 1
2018-10-01T23:47:15.765581Z 0 [Note] InnoDB: Using CPU crc32 instructions
2018-10-01T23:47:15.781365Z 0 [Note] InnoDB: Initializing buffer pool, total size = 32M, instances = 1, chunk size = 32M
2018-10-01T23:47:15.804240Z 0 [Note] InnoDB: Completed initialization of buffer pool
2018-10-01T23:47:15.806037Z 0 [Note] InnoDB: If the mysqld execution user is authorized, page cleaner thread priority can be changed. See the man page of setpriority().
2018-10-01T23:47:15.879930Z 0 [Note] InnoDB: Highest supported file format is Barracuda.
2018-10-01T23:47:16.443213Z 0 [Note] InnoDB: Creating shared tablespace for temporary tables
2018-10-01T23:47:16.443811Z 0 [Note] InnoDB: Setting file './ibtmp1' size to 12 MB. Physically writing the file full; Please wait ...
2018-10-01T23:47:16.613785Z 0 [Note] InnoDB: File './ibtmp1' size is now 12 MB.
2018-10-01T23:47:16.615894Z 0 [Note] InnoDB: 96 redo rollback segment(s) found. 96 redo rollback segment(s) are active.
2018-10-01T23:47:16.616465Z 0 [Note] InnoDB: 32 non-redo rollback segment(s) are active.
2018-10-01T23:47:16.622996Z 0 [Note] InnoDB: Waiting for purge to start
2018-10-01T23:47:16.674165Z 0 [Note] InnoDB: 5.7.23 started; log sequence number 5340890
2018-10-01T23:47:16.677044Z 0 [Note] InnoDB: Loading buffer pool(s) from /var/lib/mysql/ib_buffer_pool
2018-10-01T23:47:16.691568Z 0 [Note] Plugin 'FEDERATED' is disabled.
2018-10-01T23:47:17.446291Z 0 [Warning] Failed to set up SSL because of the following SSL library error: SSL context is not usable without certificate and private key
2018-10-01T23:47:17.446553Z 0 [Note] Server hostname (bind-address): '*'; port: 3306
2018-10-01T23:47:17.447245Z 0 [Note] IPv6 is available.
2018-10-01T23:47:17.448066Z 0 [Note]   - '::' resolves to '::';
2018-10-01T23:47:17.448406Z 0 [Note] Server socket created on IP: '::'.
2018-10-01T23:47:17.544712Z 0 [Warning] Insecure configuration for --pid-file: Location '/var/run/mysqld' in the path is accessible to all OS users. Consider choosing a different directory.
2018-10-01T23:47:18.048478Z 0 [Warning] 'user' entry 'root@localhost' ignored in --skip-name-resolve mode.
2018-10-01T23:47:18.048927Z 0 [Warning] 'user' entry 'mysql.session@localhost' ignored in --skip-name-resolve mode.
2018-10-01T23:47:18.049133Z 0 [Warning] 'user' entry 'mysql.sys@localhost' ignored in --skip-name-resolve mode.
2018-10-01T23:47:18.052106Z 0 [Warning] 'db' entry 'performance_schema mysql.session@localhost' ignored in --skip-name-resolve mode.
2018-10-01T23:47:18.052320Z 0 [Warning] 'db' entry 'sys mysql.sys@localhost' ignored in --skip-name-resolve mode.
2018-10-01T23:47:18.064504Z 0 [Warning] 'proxies_priv' entry '@ root@localhost' ignored in --skip-name-resolve mode.
2018-10-01T23:47:18.082666Z 0 [Note] InnoDB: Buffer pool(s) load completed at 181001 23:47:18
2018-10-01T23:47:18.113810Z 0 [Warning] 'tables_priv' entry 'user mysql.session@localhost' ignored in --skip-name-resolve mode.
2018-10-01T23:47:18.114617Z 0 [Warning] 'tables_priv' entry 'sys_config mysql.sys@localhost' ignored in --skip-name-resolve mode.
2018-10-01T23:47:18.392495Z 0 [Note] Event Scheduler: Loaded 0 events
2018-10-01T23:47:18.393012Z 0 [Note] /usr/sbin/mysqld: ready for connections.
Version: '5.7.23'  socket: '/var/run/mysqld/mysqld.sock'  port: 3306  MySQL Community Server (GPL)
2018-10-02T02:21:12.369042Z 0 [Note] Giving 0 client threads a chance to die gracefully
2018-10-02T02:21:12.369576Z 0 [Note] Shutting down slave threads
2018-10-02T02:21:12.369818Z 0 [Note] Forcefully disconnecting 0 remaining clients
2018-10-02T02:21:12.369985Z 0 [Note] Event Scheduler: Purging the queue. 0 events
2018-10-02T02:21:12.509123Z 0 [Note] Binlog end
2018-10-02T02:21:12.761663Z 0 [Note] Shutting down plugin 'ngram'
2018-10-02T02:21:12.761821Z 0 [Note] Shutting down plugin 'partition'
2018-10-02T02:21:12.761892Z 0 [Note] Shutting down plugin 'BLACKHOLE'
2018-10-02T02:21:12.761968Z 0 [Note] Shutting down plugin 'ARCHIVE'
2018-10-02T02:21:12.762051Z 0 [Note] Shutting down plugin 'PERFORMANCE_SCHEMA'
2018-10-02T02:21:12.762142Z 0 [Note] Shutting down plugin 'MRG_MYISAM'
2018-10-02T02:21:12.762244Z 0 [Note] Shutting down plugin 'MyISAM'
2018-10-02T02:21:12.762473Z 0 [Note] Shutting down plugin 'INNODB_SYS_VIRTUAL'
2018-10-02T02:21:12.762559Z 0 [Note] Shutting down plugin 'INNODB_SYS_DATAFILES'
2018-10-02T02:21:12.762629Z 0 [Note] Shutting down plugin 'INNODB_SYS_TABLESPACES'
2018-10-02T02:21:12.762697Z 0 [Note] Shutting down plugin 'INNODB_SYS_FOREIGN_COLS'
2018-10-02T02:21:12.762771Z 0 [Note] Shutting down plugin 'INNODB_SYS_FOREIGN'
2018-10-02T02:21:12.762846Z 0 [Note] Shutting down plugin 'INNODB_SYS_FIELDS'
2018-10-02T02:21:12.762917Z 0 [Note] Shutting down plugin 'INNODB_SYS_COLUMNS'
2018-10-02T02:21:12.762988Z 0 [Note] Shutting down plugin 'INNODB_SYS_INDEXES'
2018-10-02T02:21:12.763070Z 0 [Note] Shutting down plugin 'INNODB_SYS_TABLESTATS'
2018-10-02T02:21:12.763140Z 0 [Note] Shutting down plugin 'INNODB_SYS_TABLES'
2018-10-02T02:21:12.763210Z 0 [Note] Shutting down plugin 'INNODB_FT_INDEX_TABLE'
2018-10-02T02:21:12.763280Z 0 [Note] Shutting down plugin 'INNODB_FT_INDEX_CACHE'
2018-10-02T02:21:12.763352Z 0 [Note] Shutting down plugin 'INNODB_FT_CONFIG'
2018-10-02T02:21:12.763422Z 0 [Note] Shutting down plugin 'INNODB_FT_BEING_DELETED'
2018-10-02T02:21:12.763491Z 0 [Note] Shutting down plugin 'INNODB_FT_DELETED'
2018-10-02T02:21:12.763633Z 0 [Note] Shutting down plugin 'INNODB_FT_DEFAULT_STOPWORD'
2018-10-02T02:21:12.763722Z 0 [Note] Shutting down plugin 'INNODB_METRICS'
2018-10-02T02:21:12.763890Z 0 [Note] Shutting down plugin 'INNODB_TEMP_TABLE_INFO'
2018-10-02T02:21:12.763987Z 0 [Note] Shutting down plugin 'INNODB_BUFFER_POOL_STATS'
2018-10-02T02:21:12.764151Z 0 [Note] Shutting down plugin 'INNODB_BUFFER_PAGE_LRU'
2018-10-02T02:21:12.764242Z 0 [Note] Shutting down plugin 'INNODB_BUFFER_PAGE'
2018-10-02T02:21:12.764446Z 0 [Note] Shutting down plugin 'INNODB_CMP_PER_INDEX_RESET'
2018-10-02T02:21:12.764518Z 0 [Note] Shutting down plugin 'INNODB_CMP_PER_INDEX'
2018-10-02T02:21:12.764588Z 0 [Note] Shutting down plugin 'INNODB_CMPMEM_RESET'
2018-10-02T02:21:12.764657Z 0 [Note] Shutting down plugin 'INNODB_CMPMEM'
2018-10-02T02:21:12.764727Z 0 [Note] Shutting down plugin 'INNODB_CMP_RESET'
2018-10-02T02:21:12.764883Z 0 [Note] Shutting down plugin 'INNODB_CMP'
2018-10-02T02:21:12.764979Z 0 [Note] Shutting down plugin 'INNODB_LOCK_WAITS'
2018-10-02T02:21:12.765149Z 0 [Note] Shutting down plugin 'INNODB_LOCKS'
2018-10-02T02:21:12.765221Z 0 [Note] Shutting down plugin 'INNODB_TRX'
2018-10-02T02:21:12.765292Z 0 [Note] Shutting down plugin 'InnoDB'
2018-10-02T02:21:12.765604Z 0 [Note] InnoDB: FTS optimize thread exiting.
2018-10-02T02:21:12.765881Z 0 [Note] InnoDB: Starting shutdown...
2018-10-02T02:21:12.866925Z 0 [Note] InnoDB: Dumping buffer pool(s) to /var/lib/mysql/ib_buffer_pool
2018-10-02T02:21:12.867524Z 0 [Note] InnoDB: Buffer pool(s) dump completed at 181002  2:21:12
2018-10-02T14:05:49.853449Z 0 [Warning] TIMESTAMP with implicit DEFAULT value is deprecated. Please use --explicit_defaults_for_timestamp server option (see documentation for more details).
2018-10-02T14:05:49.855316Z 0 [Note] /usr/sbin/mysqld (mysqld 5.7.23) starting as process 54 ...
2018-10-02T14:05:49.880941Z 0 [Note] InnoDB: PUNCH HOLE support available
2018-10-02T14:05:49.881624Z 0 [Note] InnoDB: Mutexes and rw_locks use GCC atomic builtins
2018-10-02T14:05:49.882622Z 0 [Note] InnoDB: Uses event mutexes
2018-10-02T14:05:49.883598Z 0 [Note] InnoDB: GCC builtin __atomic_thread_fence() is used for memory barrier
2018-10-02T14:05:49.884575Z 0 [Note] InnoDB: Compressed tables use zlib 1.2.3
2018-10-02T14:05:49.885163Z 0 [Note] InnoDB: Using Linux native AIO
2018-10-02T14:05:49.886576Z 0 [Note] InnoDB: Number of pools: 1
2018-10-02T14:05:49.888702Z 0 [Note] InnoDB: Using CPU crc32 instructions
2018-10-02T14:05:49.891571Z 0 [Note] InnoDB: Initializing buffer pool, total size = 32M, instances = 1, chunk size = 32M
2018-10-02T14:05:49.901935Z 0 [Note] InnoDB: Completed initialization of buffer pool
2018-10-02T14:05:49.909881Z 0 [Note] InnoDB: If the mysqld execution user is authorized, page cleaner thread priority can be changed. See the man page of setpriority().
2018-10-02T14:05:49.945395Z 0 [Note] InnoDB: Highest supported file format is Barracuda.
2018-10-02T14:05:50.002955Z 0 [Note] InnoDB: Removed temporary tablespace data file: "ibtmp1"
2018-10-02T14:05:50.003770Z 0 [Note] InnoDB: Creating shared tablespace for temporary tables
2018-10-02T14:05:50.004806Z 0 [Note] InnoDB: Setting file './ibtmp1' size to 12 MB. Physically writing the file full; Please wait ...
2018-10-02T14:05:50.088818Z 0 [Note] InnoDB: File './ibtmp1' size is now 12 MB.
2018-10-02T14:05:50.090850Z 0 [Note] InnoDB: 96 redo rollback segment(s) found. 96 redo rollback segment(s) are active.
2018-10-02T14:05:50.091532Z 0 [Note] InnoDB: 32 non-redo rollback segment(s) are active.
2018-10-02T14:05:50.092262Z 0 [Note] InnoDB: Waiting for purge to start
2018-10-02T14:05:50.143501Z 0 [Note] InnoDB: 5.7.23 started; log sequence number 3403092
2018-10-02T14:05:50.145028Z 0 [Note] Plugin 'FEDERATED' is disabled.
2018-10-02T14:05:50.149571Z 0 [Note] InnoDB: Loading buffer pool(s) from /var/lib/mysql/ib_buffer_pool
2018-10-02T14:05:50.150073Z 0 [Warning] Failed to set up SSL because of the following SSL library error: SSL context is not usable without certificate and private key
2018-10-02T14:05:50.150262Z 0 [Note] Server hostname (bind-address): '*'; port: 3306
2018-10-02T14:05:50.150653Z 0 [Note] IPv6 is available.
2018-10-02T14:05:50.151276Z 0 [Note]   - '::' resolves to '::';
2018-10-02T14:05:50.151390Z 0 [Note] Server socket created on IP: '::'.
2018-10-02T14:05:50.156148Z 0 [Warning] Insecure configuration for --pid-file: Location '/var/run/mysqld' in the path is accessible to all OS users. Consider choosing a different directory.
2018-10-02T14:05:50.158205Z 0 [Note] InnoDB: Buffer pool(s) load completed at 181002 14:05:50
2018-10-02T14:05:50.163234Z 0 [Warning] 'user' entry 'root@localhost' ignored in --skip-name-resolve mode.
2018-10-02T14:05:50.163954Z 0 [Warning] 'user' entry 'mysql.session@localhost' ignored in --skip-name-resolve mode.
2018-10-02T14:05:50.164912Z 0 [Warning] 'user' entry 'mysql.sys@localhost' ignored in --skip-name-resolve mode.
2018-10-02T14:05:50.165619Z 0 [Warning] 'db' entry 'performance_schema mysql.session@localhost' ignored in --skip-name-resolve mode.
2018-10-02T14:05:50.165869Z 0 [Warning] 'db' entry 'sys mysql.sys@localhost' ignored in --skip-name-resolve mode.
2018-10-02T14:05:50.166961Z 0 [Warning] 'proxies_priv' entry '@ root@localhost' ignored in --skip-name-resolve mode.
2018-10-02T14:05:50.174153Z 0 [Warning] 'tables_priv' entry 'user mysql.session@localhost' ignored in --skip-name-resolve mode.
2018-10-02T14:05:50.174731Z 0 [Warning] 'tables_priv' entry 'sys_config mysql.sys@localhost' ignored in --skip-name-resolve mode.
2018-10-02T14:05:50.210047Z 0 [Note] Event Scheduler: Loaded 0 events
2018-10-02T14:05:50.221700Z 0 [Note] /usr/sbin/mysqld: ready for connections.
Version: '5.7.23'  socket: '/var/run/mysqld/mysqld.sock'  port: 3306  MySQL Community Server (GPL)
2018-10-02T14:32:41.684032Z 0 [Note] Giving 0 client threads a chance to die gracefully
2018-10-02T14:32:41.684643Z 0 [Note] Shutting down slave threads
2018-10-02T14:32:41.684786Z 0 [Note] Forcefully disconnecting 0 remaining clients
2018-10-02T14:32:41.684907Z 0 [Note] Event Scheduler: Purging the queue. 0 events
2018-10-02T14:32:41.685625Z 0 [Note] Binlog end
2018-10-02T14:32:41.690175Z 0 [Note] Shutting down plugin 'ngram'
2018-10-02T14:32:41.690358Z 0 [Note] Shutting down plugin 'partition'
2018-10-02T14:32:41.690499Z 0 [Note] Shutting down plugin 'BLACKHOLE'
2018-10-02T14:32:41.691109Z 0 [Note] Shutting down plugin 'ARCHIVE'
2018-10-02T14:32:41.691241Z 0 [Note] Shutting down plugin 'PERFORMANCE_SCHEMA'
2018-10-02T14:32:41.691462Z 0 [Note] Shutting down plugin 'MRG_MYISAM'
2018-10-02T14:32:41.691568Z 0 [Note] Shutting down plugin 'MyISAM'
2018-10-02T14:32:41.691692Z 0 [Note] Shutting down plugin 'INNODB_SYS_VIRTUAL'
2018-10-02T14:32:41.692302Z 0 [Note] Shutting down plugin 'INNODB_SYS_DATAFILES'
2018-10-02T14:32:41.693285Z 0 [Note] Shutting down plugin 'INNODB_SYS_TABLESPACES'
2018-10-02T14:32:41.697009Z 0 [Note] Shutting down plugin 'INNODB_SYS_FOREIGN_COLS'
2018-10-02T14:32:41.697130Z 0 [Note] Shutting down plugin 'INNODB_SYS_FOREIGN'
2018-10-02T14:32:41.697258Z 0 [Note] Shutting down plugin 'INNODB_SYS_FIELDS'
2018-10-02T14:32:41.697339Z 0 [Note] Shutting down plugin 'INNODB_SYS_COLUMNS'
2018-10-02T14:32:41.697414Z 0 [Note] Shutting down plugin 'INNODB_SYS_INDEXES'
2018-10-02T14:32:41.697488Z 0 [Note] Shutting down plugin 'INNODB_SYS_TABLESTATS'
2018-10-02T14:32:41.697561Z 0 [Note] Shutting down plugin 'INNODB_SYS_TABLES'
2018-10-02T14:32:41.697633Z 0 [Note] Shutting down plugin 'INNODB_FT_INDEX_TABLE'
2018-10-02T14:32:41.697704Z 0 [Note] Shutting down plugin 'INNODB_FT_INDEX_CACHE'
2018-10-02T14:32:41.697775Z 0 [Note] Shutting down plugin 'INNODB_FT_CONFIG'
2018-10-02T14:32:41.697846Z 0 [Note] Shutting down plugin 'INNODB_FT_BEING_DELETED'
2018-10-02T14:32:41.697918Z 0 [Note] Shutting down plugin 'INNODB_FT_DELETED'
2018-10-02T14:32:41.697989Z 0 [Note] Shutting down plugin 'INNODB_FT_DEFAULT_STOPWORD'
2018-10-02T14:32:41.698162Z 0 [Note] Shutting down plugin 'INNODB_METRICS'
2018-10-02T14:32:41.698250Z 0 [Note] Shutting down plugin 'INNODB_TEMP_TABLE_INFO'
2018-10-02T14:32:41.698384Z 0 [Note] Shutting down plugin 'INNODB_BUFFER_POOL_STATS'
2018-10-02T14:32:41.698458Z 0 [Note] Shutting down plugin 'INNODB_BUFFER_PAGE_LRU'
2018-10-02T14:32:41.698530Z 0 [Note] Shutting down plugin 'INNODB_BUFFER_PAGE'
2018-10-02T14:32:41.698602Z 0 [Note] Shutting down plugin 'INNODB_CMP_PER_INDEX_RESET'
2018-10-02T14:32:41.698672Z 0 [Note] Shutting down plugin 'INNODB_CMP_PER_INDEX'
2018-10-02T14:32:41.698744Z 0 [Note] Shutting down plugin 'INNODB_CMPMEM_RESET'
2018-10-02T14:32:41.698814Z 0 [Note] Shutting down plugin 'INNODB_CMPMEM'
2018-10-02T14:32:41.698885Z 0 [Note] Shutting down plugin 'INNODB_CMP_RESET'
2018-10-02T14:32:41.698956Z 0 [Note] Shutting down plugin 'INNODB_CMP'
2018-10-02T14:32:41.699027Z 0 [Note] Shutting down plugin 'INNODB_LOCK_WAITS'
2018-10-02T14:32:41.699103Z 0 [Note] Shutting down plugin 'INNODB_LOCKS'
2018-10-02T14:32:41.699194Z 0 [Note] Shutting down plugin 'INNODB_TRX'
2018-10-02T14:32:41.699277Z 0 [Note] Shutting down plugin 'InnoDB'
2018-10-02T14:32:41.704594Z 0 [Note] InnoDB: FTS optimize thread exiting.
2018-10-02T14:32:41.707702Z 0 [Note] InnoDB: Starting shutdown...
2018-10-02T14:32:41.809854Z 0 [Note] InnoDB: Dumping buffer pool(s) to /var/lib/mysql/ib_buffer_pool
2018-10-02T14:32:41.810689Z 0 [Note] InnoDB: Buffer pool(s) dump completed at 181002 14:32:41
2018-10-02T14:32:43.324818Z 0 [Note] InnoDB: Shutdown completed; log sequence number 3422230
2018-10-02T14:32:43.327301Z 0 [Note] InnoDB: Removed temporary tablespace data file: "ibtmp1"
2018-10-02T14:32:43.332094Z 0 [Note] Shutting down plugin 'MEMORY'
2018-10-02T14:32:43.332422Z 0 [Note] Shutting down plugin 'CSV'
2018-10-02T14:32:43.333438Z 0 [Note] Shutting down plugin 'sha256_password'
2018-10-02T14:32:43.334396Z 0 [Note] Shutting down plugin 'mysql_native_password'
2018-10-02T14:32:43.335478Z 0 [Note] Shutting down plugin 'binlog'
2018-10-02T14:32:43.336711Z 0 [Note] /usr/sbin/mysqld: Shutdown complete

2018-10-02T14:39:42.851507Z 0 [Warning] TIMESTAMP with implicit DEFAULT value is deprecated. Please use --explicit_defaults_for_timestamp server option (see documentation for more details).
2018-10-02T14:39:42.851728Z 0 [Note] /usr/sbin/mysqld (mysqld 5.7.23) starting as process 53 ...
2018-10-02T14:39:42.859182Z 0 [Note] InnoDB: PUNCH HOLE support available
2018-10-02T14:39:42.859953Z 0 [Note] InnoDB: Mutexes and rw_locks use GCC atomic builtins
2018-10-02T14:39:42.860911Z 0 [Note] InnoDB: Uses event mutexes
2018-10-02T14:39:42.861484Z 0 [Note] InnoDB: GCC builtin __atomic_thread_fence() is used for memory barrier
2018-10-02T14:39:42.861907Z 0 [Note] InnoDB: Compressed tables use zlib 1.2.3
2018-10-02T14:39:42.862873Z 0 [Note] InnoDB: Using Linux native AIO
2018-10-02T14:39:42.864018Z 0 [Note] InnoDB: Number of pools: 1
2018-10-02T14:39:42.864970Z 0 [Note] InnoDB: Using CPU crc32 instructions
2018-10-02T14:39:42.867671Z 0 [Note] InnoDB: Initializing buffer pool, total size = 32M, instances = 1, chunk size = 32M
2018-10-02T14:39:42.882054Z 0 [Note] InnoDB: Completed initialization of buffer pool
2018-10-02T14:39:42.891800Z 0 [Note] InnoDB: If the mysqld execution user is authorized, page cleaner thread priority can be changed. See the man page of setpriority().
2018-10-02T14:39:42.895553Z 0 [Note] InnoDB: Highest supported file format is Barracuda.
2018-10-02T14:39:42.913452Z 0 [Note] InnoDB: Creating shared tablespace for temporary tables
2018-10-02T14:39:42.913719Z 0 [Note] InnoDB: Setting file './ibtmp1' size to 12 MB. Physically writing the file full; Please wait ...
2018-10-02T14:39:42.949993Z 0 [Note] InnoDB: File './ibtmp1' size is now 12 MB.
2018-10-02T14:39:42.951603Z 0 [Note] InnoDB: 96 redo rollback segment(s) found. 96 redo rollback segment(s) are active.
2018-10-02T14:39:42.952505Z 0 [Note] InnoDB: 32 non-redo rollback segment(s) are active.
2018-10-02T14:39:42.953481Z 0 [Note] InnoDB: Waiting for purge to start
2018-10-02T14:39:43.005026Z 0 [Note] InnoDB: 5.7.23 started; log sequence number 3422230
2018-10-02T14:39:43.005668Z 0 [Note] Plugin 'FEDERATED' is disabled.
2018-10-02T14:39:43.007368Z 0 [Warning] Failed to set up SSL because of the following SSL library error: SSL context is not usable without certificate and private key
2018-10-02T14:39:43.008334Z 0 [Note] Server hostname (bind-address): '*'; port: 3306
2018-10-02T14:39:43.008843Z 0 [Note] IPv6 is available.
2018-10-02T14:39:43.009305Z 0 [Note]   - '::' resolves to '::';
2018-10-02T14:39:43.009994Z 0 [Note] Server socket created on IP: '::'.
2018-10-02T14:39:43.009380Z 0 [Note] InnoDB: Loading buffer pool(s) from /var/lib/mysql/ib_buffer_pool
2018-10-02T14:39:43.013782Z 0 [Warning] Insecure configuration for --pid-file: Location '/var/run/mysqld' in the path is accessible to all OS users. Consider choosing a different directory.
2018-10-02T14:39:43.015117Z 0 [Warning] 'user' entry 'root@localhost' ignored in --skip-name-resolve mode.
2018-10-02T14:39:43.016195Z 0 [Warning] 'user' entry 'mysql.session@localhost' ignored in --skip-name-resolve mode.
2018-10-02T14:39:43.016888Z 0 [Warning] 'user' entry 'mysql.sys@localhost' ignored in --skip-name-resolve mode.
2018-10-02T14:39:43.017137Z 0 [Warning] 'db' entry 'performance_schema mysql.session@localhost' ignored in --skip-name-resolve mode.
2018-10-02T14:39:43.018090Z 0 [Warning] 'db' entry 'sys mysql.sys@localhost' ignored in --skip-name-resolve mode.
2018-10-02T14:39:43.018258Z 0 [Warning] 'proxies_priv' entry '@ root@localhost' ignored in --skip-name-resolve mode.
2018-10-02T14:39:43.020451Z 0 [Warning] 'tables_priv' entry 'user mysql.session@localhost' ignored in --skip-name-resolve mode.
2018-10-02T14:39:43.021053Z 0 [Warning] 'tables_priv' entry 'sys_config mysql.sys@localhost' ignored in --skip-name-resolve mode.
2018-10-02T14:39:43.026881Z 0 [Note] Event Scheduler: Loaded 0 events
2018-10-02T14:39:43.015442Z 0 [Note] InnoDB: Buffer pool(s) load completed at 181002 14:39:43
2018-10-02T14:39:43.042338Z 0 [Note] /usr/sbin/mysqld: ready for connections.
Version: '5.7.23'  socket: '/var/run/mysqld/mysqld.sock'  port: 3306  MySQL Community Server (GPL)
2018-10-02T14:48:54.214092Z 0 [Note] Giving 0 client threads a chance to die gracefully
2018-10-02T14:48:54.214378Z 0 [Note] Shutting down slave threads
2018-10-02T14:48:54.214514Z 0 [Note] Forcefully disconnecting 0 remaining clients
2018-10-02T14:48:54.214624Z 0 [Note] Event Scheduler: Purging the queue. 0 events
2018-10-02T14:48:54.214791Z 0 [Note] Binlog end
2018-10-02T14:48:54.221411Z 0 [Note] Shutting down plugin 'ngram'
2018-10-02T14:48:54.222040Z 0 [Note] Shutting down plugin 'partition'
2018-10-02T14:48:54.222355Z 0 [Note] Shutting down plugin 'BLACKHOLE'
2018-10-02T14:48:54.222504Z 0 [Note] Shutting down plugin 'ARCHIVE'
2018-10-02T14:48:54.222723Z 0 [Note] Shutting down plugin 'PERFORMANCE_SCHEMA'
2018-10-02T14:48:54.223061Z 0 [Note] Shutting down plugin 'MRG_MYISAM'
2018-10-02T14:48:54.223210Z 0 [Note] Shutting down plugin 'MyISAM'
2018-10-02T14:48:54.223943Z 0 [Note] Shutting down plugin 'INNODB_SYS_VIRTUAL'
2018-10-02T14:48:54.225182Z 0 [Note] Shutting down plugin 'INNODB_SYS_DATAFILES'
2018-10-02T14:48:54.226064Z 0 [Note] Shutting down plugin 'INNODB_SYS_TABLESPACES'
2018-10-02T14:48:54.226789Z 0 [Note] Shutting down plugin 'INNODB_SYS_FOREIGN_COLS'
2018-10-02T14:48:54.226971Z 0 [Note] Shutting down plugin 'INNODB_SYS_FOREIGN'
2018-10-02T14:48:54.228228Z 0 [Note] Shutting down plugin 'INNODB_SYS_FIELDS'
2018-10-02T14:48:54.229132Z 0 [Note] Shutting down plugin 'INNODB_SYS_COLUMNS'
2018-10-02T14:48:54.229377Z 0 [Note] Shutting down plugin 'INNODB_SYS_INDEXES'
2018-10-02T14:48:54.229531Z 0 [Note] Shutting down plugin 'INNODB_SYS_TABLESTATS'
2018-10-02T14:48:54.230059Z 0 [Note] Shutting down plugin 'INNODB_SYS_TABLES'
2018-10-02T14:48:54.230899Z 0 [Note] Shutting down plugin 'INNODB_FT_INDEX_TABLE'
2018-10-02T14:48:54.231276Z 0 [Note] Shutting down plugin 'INNODB_FT_INDEX_CACHE'
2018-10-02T14:48:54.231442Z 0 [Note] Shutting down plugin 'INNODB_FT_CONFIG'
2018-10-02T14:48:54.232012Z 0 [Note] Shutting down plugin 'INNODB_FT_BEING_DELETED'
2018-10-02T14:48:54.232280Z 0 [Note] Shutting down plugin 'INNODB_FT_DELETED'
2018-10-02T14:48:54.232400Z 0 [Note] Shutting down plugin 'INNODB_FT_DEFAULT_STOPWORD'
2018-10-02T14:48:54.232939Z 0 [Note] Shutting down plugin 'INNODB_METRICS'
2018-10-02T14:48:54.233073Z 0 [Note] Shutting down plugin 'INNODB_TEMP_TABLE_INFO'
2018-10-02T14:48:54.233186Z 0 [Note] Shutting down plugin 'INNODB_BUFFER_POOL_STATS'
2018-10-02T14:48:54.233333Z 0 [Note] Shutting down plugin 'INNODB_BUFFER_PAGE_LRU'
2018-10-02T14:48:54.233977Z 0 [Note] Shutting down plugin 'INNODB_BUFFER_PAGE'
2018-10-02T14:48:54.234080Z 0 [Note] Shutting down plugin 'INNODB_CMP_PER_INDEX_RESET'
2018-10-02T14:48:54.236030Z 0 [Note] Shutting down plugin 'INNODB_CMP_PER_INDEX'
2018-10-02T14:48:54.236229Z 0 [Note] Shutting down plugin 'INNODB_CMPMEM_RESET'
2018-10-02T14:48:54.236550Z 0 [Note] Shutting down plugin 'INNODB_CMPMEM'
2018-10-02T14:48:54.236953Z 0 [Note] Shutting down plugin 'INNODB_CMP_RESET'
2018-10-02T14:48:54.237354Z 0 [Note] Shutting down plugin 'INNODB_CMP'
2018-10-02T14:48:54.237569Z 0 [Note] Shutting down plugin 'INNODB_LOCK_WAITS'
2018-10-02T14:48:54.237733Z 0 [Note] Shutting down plugin 'INNODB_LOCKS'
2018-10-02T14:48:54.238213Z 0 [Note] Shutting down plugin 'INNODB_TRX'
2018-10-02T14:48:54.238416Z 0 [Note] Shutting down plugin 'InnoDB'
2018-10-02T14:48:54.238784Z 0 [Note] InnoDB: FTS optimize thread exiting.
2018-10-02T14:48:54.239461Z 0 [Note] InnoDB: Starting shutdown...
2018-10-02T14:48:54.341374Z 0 [Note] InnoDB: Dumping buffer pool(s) to /var/lib/mysql/ib_buffer_pool
2018-10-02T14:48:54.342011Z 0 [Note] InnoDB: Buffer pool(s) dump completed at 181002 14:48:54
2018-10-02T14:48:55.756776Z 0 [Note] InnoDB: Shutdown completed; log sequence number 3850784
2018-10-02T14:48:55.758609Z 0 [Note] InnoDB: Removed temporary tablespace data file: "ibtmp1"
2018-10-02T14:48:55.758725Z 0 [Note] Shutting down plugin 'MEMORY'
2018-10-02T14:48:55.758801Z 0 [Note] Shutting down plugin 'CSV'
2018-10-02T14:48:55.758874Z 0 [Note] Shutting down plugin 'sha256_password'
2018-10-02T14:48:55.758944Z 0 [Note] Shutting down plugin 'mysql_native_password'
2018-10-02T14:48:55.759148Z 0 [Note] Shutting down plugin 'binlog'
2018-10-02T14:48:55.759560Z 0 [Note] /usr/sbin/mysqld: Shutdown complete

2018-10-04T17:47:48.413586Z 0 [Warning] TIMESTAMP with implicit DEFAULT value is deprecated. Please use --explicit_defaults_for_timestamp server option (see documentation for more details).
2018-10-04T17:47:48.439862Z 0 [Note] /usr/sbin/mysqld (mysqld 5.7.23) starting as process 61 ...
2018-10-04T17:47:48.597786Z 0 [Note] InnoDB: PUNCH HOLE support available
2018-10-04T17:47:48.602129Z 0 [Note] InnoDB: Mutexes and rw_locks use GCC atomic builtins
2018-10-04T17:47:48.629606Z 0 [Note] InnoDB: Uses event mutexes
2018-10-04T17:47:48.635056Z 0 [Note] InnoDB: GCC builtin __atomic_thread_fence() is used for memory barrier
2018-10-04T17:47:48.635751Z 0 [Note] InnoDB: Compressed tables use zlib 1.2.3
2018-10-04T17:47:48.636710Z 0 [Note] InnoDB: Using Linux native AIO
2018-10-04T17:47:48.640318Z 0 [Note] InnoDB: Number of pools: 1
2018-10-04T17:47:48.645443Z 0 [Note] InnoDB: Using CPU crc32 instructions
2018-10-04T17:47:48.726756Z 0 [Note] InnoDB: Initializing buffer pool, total size = 32M, instances = 1, chunk size = 32M
2018-10-04T17:47:48.785160Z 0 [Note] InnoDB: Completed initialization of buffer pool
2018-10-04T17:47:48.799638Z 0 [Note] InnoDB: If the mysqld execution user is authorized, page cleaner thread priority can be changed. See the man page of setpriority().
2018-10-04T17:47:48.860269Z 0 [Note] InnoDB: Highest supported file format is Barracuda.
2018-10-04T17:47:48.973849Z 0 [Note] InnoDB: Creating shared tablespace for temporary tables
2018-10-04T17:47:48.974589Z 0 [Note] InnoDB: Setting file './ibtmp1' size to 12 MB. Physically writing the file full; Please wait ...
2018-10-04T17:47:49.267445Z 0 [Note] InnoDB: File './ibtmp1' size is now 12 MB.
2018-10-04T17:47:49.271684Z 0 [Note] InnoDB: 96 redo rollback segment(s) found. 96 redo rollback segment(s) are active.
2018-10-04T17:47:49.272966Z 0 [Note] InnoDB: 32 non-redo rollback segment(s) are active.
2018-10-04T17:47:49.290727Z 0 [Note] InnoDB: Waiting for purge to start
2018-10-04T17:47:49.345064Z 0 [Note] InnoDB: 5.7.23 started; log sequence number 3850784
2018-10-04T17:47:49.359059Z 0 [Note] InnoDB: Loading buffer pool(s) from /var/lib/mysql/ib_buffer_pool
2018-10-04T17:47:49.361438Z 0 [Note] Plugin 'FEDERATED' is disabled.
2018-10-04T17:47:49.399521Z 0 [Warning] Failed to set up SSL because of the following SSL library error: SSL context is not usable without certificate and private key
2018-10-04T17:47:49.400515Z 0 [Note] Server hostname (bind-address): '*'; port: 3306
2018-10-04T17:47:49.401429Z 0 [Note] IPv6 is available.
2018-10-04T17:47:49.402239Z 0 [Note]   - '::' resolves to '::';
2018-10-04T17:47:49.402442Z 0 [Note] Server socket created on IP: '::'.
2018-10-04T17:47:49.408504Z 0 [Warning] Insecure configuration for --pid-file: Location '/var/run/mysqld' in the path is accessible to all OS users. Consider choosing a different directory.
2018-10-04T17:47:49.444261Z 0 [Warning] 'user' entry 'root@localhost' ignored in --skip-name-resolve mode.
2018-10-04T17:47:49.444712Z 0 [Warning] 'user' entry 'mysql.session@localhost' ignored in --skip-name-resolve mode.
2018-10-04T17:47:49.445435Z 0 [Warning] 'user' entry 'mysql.sys@localhost' ignored in --skip-name-resolve mode.
2018-10-04T17:47:49.446090Z 0 [Warning] 'db' entry 'performance_schema mysql.session@localhost' ignored in --skip-name-resolve mode.
2018-10-04T17:47:49.446430Z 0 [Warning] 'db' entry 'sys mysql.sys@localhost' ignored in --skip-name-resolve mode.
2018-10-04T17:47:49.447083Z 0 [Warning] 'proxies_priv' entry '@ root@localhost' ignored in --skip-name-resolve mode.
2018-10-04T17:47:49.532883Z 0 [Note] InnoDB: Buffer pool(s) load completed at 181004 17:47:49
2018-10-04T17:47:49.534238Z 0 [Warning] 'tables_priv' entry 'user mysql.session@localhost' ignored in --skip-name-resolve mode.
2018-10-04T17:47:49.534485Z 0 [Warning] 'tables_priv' entry 'sys_config mysql.sys@localhost' ignored in --skip-name-resolve mode.
2018-10-04T17:47:49.742370Z 0 [Note] Event Scheduler: Loaded 0 events
2018-10-04T17:47:49.756551Z 0 [Note] /usr/sbin/mysqld: ready for connections.
Version: '5.7.23'  socket: '/var/run/mysqld/mysqld.sock'  port: 3306  MySQL Community Server (GPL)
2018-10-04T19:25:00.204905Z 0 [Note] Giving 0 client threads a chance to die gracefully
2018-10-04T19:25:00.205240Z 0 [Note] Shutting down slave threads
2018-10-04T19:25:00.205403Z 0 [Note] Forcefully disconnecting 0 remaining clients
2018-10-04T19:25:00.205570Z 0 [Note] Event Scheduler: Purging the queue. 0 events
2018-10-04T19:25:00.206289Z 0 [Note] Binlog end
2018-10-04T19:25:00.211430Z 0 [Note] Shutting down plugin 'ngram'
2018-10-04T19:25:00.211752Z 0 [Note] Shutting down plugin 'partition'
2018-10-04T19:25:00.212280Z 0 [Note] Shutting down plugin 'BLACKHOLE'
2018-10-04T19:25:00.212749Z 0 [Note] Shutting down plugin 'ARCHIVE'
2018-10-04T19:25:00.213255Z 0 [Note] Shutting down plugin 'PERFORMANCE_SCHEMA'
2018-10-04T19:25:00.213789Z 0 [Note] Shutting down plugin 'MRG_MYISAM'
2018-10-04T19:25:00.214234Z 0 [Note] Shutting down plugin 'MyISAM'
2018-10-04T19:25:00.214756Z 0 [Note] Shutting down plugin 'INNODB_SYS_VIRTUAL'
2018-10-04T19:25:00.215225Z 0 [Note] Shutting down plugin 'INNODB_SYS_DATAFILES'
2018-10-04T19:25:00.215773Z 0 [Note] Shutting down plugin 'INNODB_SYS_TABLESPACES'
2018-10-04T19:25:00.216210Z 0 [Note] Shutting down plugin 'INNODB_SYS_FOREIGN_COLS'
2018-10-04T19:25:00.216775Z 0 [Note] Shutting down plugin 'INNODB_SYS_FOREIGN'
2018-10-04T19:25:00.217269Z 0 [Note] Shutting down plugin 'INNODB_SYS_FIELDS'
2018-10-04T19:25:00.217627Z 0 [Note] Shutting down plugin 'INNODB_SYS_COLUMNS'
2018-10-04T19:25:00.217911Z 0 [Note] Shutting down plugin 'INNODB_SYS_INDEXES'
2018-10-04T19:25:00.218233Z 0 [Note] Shutting down plugin 'INNODB_SYS_TABLESTATS'
2018-10-04T19:25:00.218854Z 0 [Note] Shutting down plugin 'INNODB_SYS_TABLES'
2018-10-04T19:25:00.220221Z 0 [Note] Shutting down plugin 'INNODB_FT_INDEX_TABLE'
2018-10-04T19:25:00.221157Z 0 [Note] Shutting down plugin 'INNODB_FT_INDEX_CACHE'
2018-10-04T19:25:00.221559Z 0 [Note] Shutting down plugin 'INNODB_FT_CONFIG'
2018-10-04T19:25:00.221713Z 0 [Note] Shutting down plugin 'INNODB_FT_BEING_DELETED'
2018-10-04T19:25:00.222027Z 0 [Note] Shutting down plugin 'INNODB_FT_DELETED'
2018-10-04T19:25:00.222215Z 0 [Note] Shutting down plugin 'INNODB_FT_DEFAULT_STOPWORD'
2018-10-04T19:25:00.223064Z 0 [Note] Shutting down plugin 'INNODB_METRICS'
2018-10-04T19:25:00.223617Z 0 [Note] Shutting down plugin 'INNODB_TEMP_TABLE_INFO'
2018-10-04T19:25:00.224016Z 0 [Note] Shutting down plugin 'INNODB_BUFFER_POOL_STATS'
2018-10-04T19:25:00.224215Z 0 [Note] Shutting down plugin 'INNODB_BUFFER_PAGE_LRU'
2018-10-04T19:25:00.224835Z 0 [Note] Shutting down plugin 'INNODB_BUFFER_PAGE'
2018-10-04T19:25:00.224977Z 0 [Note] Shutting down plugin 'INNODB_CMP_PER_INDEX_RESET'
2018-10-04T19:25:00.225211Z 0 [Note] Shutting down plugin 'INNODB_CMP_PER_INDEX'
2018-10-04T19:25:00.225961Z 0 [Note] Shutting down plugin 'INNODB_CMPMEM_RESET'
2018-10-04T19:25:00.226205Z 0 [Note] Shutting down plugin 'INNODB_CMPMEM'
2018-10-04T19:25:00.226924Z 0 [Note] Shutting down plugin 'INNODB_CMP_RESET'
2018-10-04T19:25:00.227195Z 0 [Note] Shutting down plugin 'INNODB_CMP'
2018-10-04T19:25:00.227903Z 0 [Note] Shutting down plugin 'INNODB_LOCK_WAITS'
2018-10-04T19:25:00.228219Z 0 [Note] Shutting down plugin 'INNODB_LOCKS'
2018-10-04T19:25:00.228920Z 0 [Note] Shutting down plugin 'INNODB_TRX'
2018-10-04T19:25:00.229204Z 0 [Note] Shutting down plugin 'InnoDB'
2018-10-04T19:25:00.229918Z 0 [Note] InnoDB: FTS optimize thread exiting.
2018-10-04T19:25:00.230498Z 0 [Note] InnoDB: Starting shutdown...
2018-10-04T19:25:00.331892Z 0 [Note] InnoDB: Dumping buffer pool(s) to /var/lib/mysql/ib_buffer_pool
2018-10-04T19:25:00.333379Z 0 [Note] InnoDB: Buffer pool(s) dump completed at 181004 19:25:00
2018-10-04T19:25:02.176770Z 0 [Note] InnoDB: Shutdown completed; log sequence number 3913469
2018-10-04T19:25:02.213280Z 0 [Note] InnoDB: Removed temporary tablespace data file: "ibtmp1"
2018-10-04T19:25:02.213534Z 0 [Note] Shutting down plugin 'MEMORY'
2018-10-04T19:25:02.213816Z 0 [Note] Shutting down plugin 'CSV'
2018-10-04T19:25:02.214047Z 0 [Note] Shutting down plugin 'sha256_password'
2018-10-04T19:25:02.214169Z 0 [Note] Shutting down plugin 'mysql_native_password'
2018-10-04T19:25:02.215177Z 0 [Note] Shutting down plugin 'binlog'
2018-10-04T19:25:02.217681Z 0 [Note] /usr/sbin/mysqld: Shutdown complete

2018-10-04T20:16:58.325558Z 0 [Warning] TIMESTAMP with implicit DEFAULT value is deprecated. Please use --explicit_defaults_for_timestamp server option (see documentation for more details).
2018-10-04T20:16:58.341416Z 0 [Note] /usr/sbin/mysqld (mysqld 5.7.23) starting as process 58 ...
2018-10-04T20:16:58.410723Z 0 [Note] InnoDB: PUNCH HOLE support available
2018-10-04T20:16:58.411468Z 0 [Note] InnoDB: Mutexes and rw_locks use GCC atomic builtins
2018-10-04T20:16:58.412452Z 0 [Note] InnoDB: Uses event mutexes
2018-10-04T20:16:58.413456Z 0 [Note] InnoDB: GCC builtin __atomic_thread_fence() is used for memory barrier
2018-10-04T20:16:58.414456Z 0 [Note] InnoDB: Compressed tables use zlib 1.2.3
2018-10-04T20:16:58.414894Z 0 [Note] InnoDB: Using Linux native AIO
2018-10-04T20:16:58.418748Z 0 [Note] InnoDB: Number of pools: 1
2018-10-04T20:16:58.425869Z 0 [Note] InnoDB: Using CPU crc32 instructions
2018-10-04T20:16:58.432118Z 0 [Note] InnoDB: Initializing buffer pool, total size = 32M, instances = 1, chunk size = 32M
2018-10-04T20:16:58.460629Z 0 [Note] InnoDB: Completed initialization of buffer pool
2018-10-04T20:16:58.469997Z 0 [Note] InnoDB: If the mysqld execution user is authorized, page cleaner thread priority can be changed. See the man page of setpriority().
2018-10-04T20:16:58.500539Z 0 [Note] InnoDB: Highest supported file format is Barracuda.
2018-10-04T20:16:58.580631Z 0 [Note] InnoDB: Creating shared tablespace for temporary tables
2018-10-04T20:16:58.581648Z 0 [Note] InnoDB: Setting file './ibtmp1' size to 12 MB. Physically writing the file full; Please wait ...
2018-10-04T20:16:58.719439Z 0 [Note] InnoDB: File './ibtmp1' size is now 12 MB.
2018-10-04T20:16:58.724260Z 0 [Note] InnoDB: 96 redo rollback segment(s) found. 96 redo rollback segment(s) are active.
2018-10-04T20:16:58.724504Z 0 [Note] InnoDB: 32 non-redo rollback segment(s) are active.
2018-10-04T20:16:58.725822Z 0 [Note] InnoDB: Waiting for purge to start
2018-10-04T20:16:58.776221Z 0 [Note] InnoDB: 5.7.23 started; log sequence number 3913469
2018-10-04T20:16:58.778864Z 0 [Note] InnoDB: Loading buffer pool(s) from /var/lib/mysql/ib_buffer_pool
2018-10-04T20:16:58.780181Z 0 [Note] Plugin 'FEDERATED' is disabled.
2018-10-04T20:16:58.824365Z 0 [Warning] Failed to set up SSL because of the following SSL library error: SSL context is not usable without certificate and private key
2018-10-04T20:16:58.824735Z 0 [Note] Server hostname (bind-address): '*'; port: 3306
2018-10-04T20:16:58.825962Z 0 [Note] IPv6 is available.
2018-10-04T20:16:58.827061Z 0 [Note]   - '::' resolves to '::';
2018-10-04T20:16:58.827680Z 0 [Note] Server socket created on IP: '::'.
2018-10-04T20:16:58.834775Z 0 [Warning] Insecure configuration for --pid-file: Location '/var/run/mysqld' in the path is accessible to all OS users. Consider choosing a different directory.
2018-10-04T20:16:58.859373Z 0 [Warning] 'user' entry 'root@localhost' ignored in --skip-name-resolve mode.
2018-10-04T20:16:58.860050Z 0 [Warning] 'user' entry 'mysql.session@localhost' ignored in --skip-name-resolve mode.
2018-10-04T20:16:58.860392Z 0 [Warning] 'user' entry 'mysql.sys@localhost' ignored in --skip-name-resolve mode.
2018-10-04T20:16:58.862171Z 0 [Warning] 'db' entry 'performance_schema mysql.session@localhost' ignored in --skip-name-resolve mode.
2018-10-04T20:16:58.862701Z 0 [Warning] 'db' entry 'sys mysql.sys@localhost' ignored in --skip-name-resolve mode.
2018-10-04T20:16:58.864073Z 0 [Warning] 'proxies_priv' entry '@ root@localhost' ignored in --skip-name-resolve mode.
2018-10-04T20:16:58.918821Z 0 [Note] InnoDB: Buffer pool(s) load completed at 181004 20:16:58
2018-10-04T20:16:58.924974Z 0 [Warning] 'tables_priv' entry 'user mysql.session@localhost' ignored in --skip-name-resolve mode.
2018-10-04T20:16:58.925330Z 0 [Warning] 'tables_priv' entry 'sys_config mysql.sys@localhost' ignored in --skip-name-resolve mode.
2018-10-04T20:16:58.991231Z 0 [Note] Event Scheduler: Loaded 0 events
2018-10-04T20:16:59.000419Z 0 [Note] /usr/sbin/mysqld: ready for connections.
Version: '5.7.23'  socket: '/var/run/mysqld/mysqld.sock'  port: 3306  MySQL Community Server (GPL)
